<?xml version="1.0" encoding="UTF-8"?>
<!-- Generated by org.testng.reporters.JUnitXMLReporter -->
<testsuite hostname="CIS20" name="TC008_UserProfile_Page" tests="5" failures="1" timestamp="25 Jun 2015 18:36:29 GMT" time="31.402" errors="0">
  <testcase name="UserProfile_SignIn" time="6.194" classname="Zoptusmodule.TC008_UserProfile_Page"/>
  <testcase name="UserProfile_EditProfile_Page" time="5.275" classname="Zoptusmodule.TC008_UserProfile_Page"/>
  <testcase name="UserProfile_TimeSheet_Page" time="9.539" classname="Zoptusmodule.TC008_UserProfile_Page"/>
  <testcase name="UserProfile_SwitchLogged_Page" time="4.215" classname="Zoptusmodule.TC008_UserProfile_Page">
    <failure type="org.openqa.selenium.WebDriverException" message="unknown error: Element is not clickable at point (792, 151). Other element would receive the click: &amp;lt;a href=&amp;quot;#&amp;quot; class=&amp;quot;rmLink Cursor profileMenuItem rmSelected&amp;quot; style=&amp;quot;width: 223px;&amp;quot;&amp;gt;...&amp;lt;/a&amp;gt;
  (Session info: chrome=43.0.2357.130)
  (Driver info: chromedriver=2.13.307647 (5a7d0541ebc58e69994a6fb2ed930f45261f3c29),platform=Windows NT 6.1 SP1 x86_64) (WARNING: The server did not provide any stacktrace information)
Command duration or timeout: 32 milliseconds
Build info: version: &amp;apos;2.44.0&amp;apos;, revision: &amp;apos;76d78cf&amp;apos;, time: &amp;apos;2014-10-23 20:03:00&amp;apos;
System info: host: &amp;apos;CIS20&amp;apos;, ip: &amp;apos;192.168.1.177&amp;apos;, os.name: &amp;apos;Windows 7&amp;apos;, os.arch: &amp;apos;amd64&amp;apos;, os.version: &amp;apos;6.1&amp;apos;, java.version: &amp;apos;1.7.0_51&amp;apos;
Session ID: 285d86653462af9ae4fc716762125c43
Driver info: org.openqa.selenium.chrome.ChromeDriver
Capabilities [{platform=XP, acceptSslCerts=true, javascriptEnabled=true, browserName=chrome, chrome={userDataDir=C:\Windows\TEMP\scoped_dir7812_16853}, rotatable=false, locationContextEnabled=true, mobileEmulationEnabled=false, version=43.0.2357.130, takesHeapSnapshot=true, cssSelectorsEnabled=true, databaseEnabled=false, handlesAlerts=true, browserConnectionEnabled=false, webStorageEnabled=true, nativeEvents=true, applicationCacheEnabled=false, takesScreenshot=true}]">
      <![CDATA[org.openqa.selenium.WebDriverException: unknown error: Element is not clickable at point (792, 151). Other element would receive the click: <a href="#" class="rmLink Cursor profileMenuItem rmSelected" style="width: 223px;">...</a>
  (Session info: chrome=43.0.2357.130)
  (Driver info: chromedriver=2.13.307647 (5a7d0541ebc58e69994a6fb2ed930f45261f3c29),platform=Windows NT 6.1 SP1 x86_64) (WARNING: The server did not provide any stacktrace information)
Command duration or timeout: 32 milliseconds
Build info: version: '2.44.0', revision: '76d78cf', time: '2014-10-23 20:03:00'
System info: host: 'CIS20', ip: '192.168.1.177', os.name: 'Windows 7', os.arch: 'amd64', os.version: '6.1', java.version: '1.7.0_51'
Session ID: 285d86653462af9ae4fc716762125c43
Driver info: org.openqa.selenium.chrome.ChromeDriver
Capabilities [{platform=XP, acceptSslCerts=true, javascriptEnabled=true, browserName=chrome, chrome={userDataDir=C:\Windows\TEMP\scoped_dir7812_16853}, rotatable=false, locationContextEnabled=true, mobileEmulationEnabled=false, version=43.0.2357.130, takesHeapSnapshot=true, cssSelectorsEnabled=true, databaseEnabled=false, handlesAlerts=true, browserConnectionEnabled=false, webStorageEnabled=true, nativeEvents=true, applicationCacheEnabled=false, takesScreenshot=true}]
	at org.openqa.selenium.remote.ErrorHandler.createThrowable(ErrorHandler.java:204)
	at org.openqa.selenium.remote.ErrorHandler.throwIfResponseFailed(ErrorHandler.java:156)
	at org.openqa.selenium.remote.RemoteWebDriver.execute(RemoteWebDriver.java:599)
	at org.openqa.selenium.remote.RemoteWebElement.execute(RemoteWebElement.java:268)
	at org.openqa.selenium.remote.RemoteWebElement.click(RemoteWebElement.java:79)
	at appmodule.UserProfile_Action.userProfile_SwitchLogged(UserProfile_Action.java:46)
	at Zoptusmodule.TC008_UserProfile_Page.UserProfile_SwitchLogged_Page(TC008_UserProfile_Page.java:49)
... Removed 27 stack frames]]>
    </failure>
  </testcase> <!-- UserProfile_SwitchLogged_Page -->
  <testcase name="UserProfile_Logout_Page" time="3.308" classname="Zoptusmodule.TC008_UserProfile_Page"/>
</testsuite> <!-- TC008_UserProfile_Page -->
