<?xml version="1.0" encoding="UTF-8"?>
<!-- Generated by org.testng.reporters.JUnitXMLReporter -->
<testsuite hostname="CIS20" name="TC006_ProjectManagement_Page" tests="9" failures="1" timestamp="8 Jul 2015 04:34:54 GMT" time="147.919" errors="0">
  <testcase name="ProjectMangement_SignIN" time="12.8" classname="Zoptusmodule.TC006_ProjectManagement_Page"/>
  <testcase name="ProjectManagement_Tabs_Page" time="32.626" classname="Zoptusmodule.TC006_ProjectManagement_Page"/>
  <testcase name="ProjectManagement_Prgm_Details_Page" time="32.082" classname="Zoptusmodule.TC006_ProjectManagement_Page"/>
  <testcase name="ProjectManagement_Prgm_Documents_Page" time="0.924" classname="Zoptusmodule.TC006_ProjectManagement_Page">
    <failure type="org.openqa.selenium.StaleElementReferenceException" message="stale element reference: element is not attached to the page document
  (Session info: chrome=43.0.2357.130)
  (Driver info: chromedriver=2.13.307647 (5a7d0541ebc58e69994a6fb2ed930f45261f3c29),platform=Windows NT 6.1 SP1 x86_64) (WARNING: The server did not provide any stacktrace information)
Command duration or timeout: 17 milliseconds
For documentation on this error, please visit: http://seleniumhq.org/exceptions/stale_element_reference.html
Build info: version: &amp;apos;2.44.0&amp;apos;, revision: &amp;apos;76d78cf&amp;apos;, time: &amp;apos;2014-10-23 20:03:00&amp;apos;
System info: host: &amp;apos;CIS20&amp;apos;, ip: &amp;apos;192.168.1.177&amp;apos;, os.name: &amp;apos;Windows 7&amp;apos;, os.arch: &amp;apos;amd64&amp;apos;, os.version: &amp;apos;6.1&amp;apos;, java.version: &amp;apos;1.7.0_79&amp;apos;
Session ID: fa09b94160df302cf9cb7ec60351e11b
Driver info: org.openqa.selenium.chrome.ChromeDriver
Capabilities [{platform=XP, acceptSslCerts=true, javascriptEnabled=true, browserName=chrome, chrome={userDataDir=C:\Users\sjeyaram\AppData\Local\Temp\scoped_dir8644_13637}, rotatable=false, locationContextEnabled=true, mobileEmulationEnabled=false, version=43.0.2357.130, takesHeapSnapshot=true, cssSelectorsEnabled=true, databaseEnabled=false, handlesAlerts=true, browserConnectionEnabled=false, webStorageEnabled=true, nativeEvents=true, applicationCacheEnabled=false, takesScreenshot=true}]">
      <![CDATA[org.openqa.selenium.StaleElementReferenceException: stale element reference: element is not attached to the page document
  (Session info: chrome=43.0.2357.130)
  (Driver info: chromedriver=2.13.307647 (5a7d0541ebc58e69994a6fb2ed930f45261f3c29),platform=Windows NT 6.1 SP1 x86_64) (WARNING: The server did not provide any stacktrace information)
Command duration or timeout: 17 milliseconds
For documentation on this error, please visit: http://seleniumhq.org/exceptions/stale_element_reference.html
Build info: version: '2.44.0', revision: '76d78cf', time: '2014-10-23 20:03:00'
System info: host: 'CIS20', ip: '192.168.1.177', os.name: 'Windows 7', os.arch: 'amd64', os.version: '6.1', java.version: '1.7.0_79'
Session ID: fa09b94160df302cf9cb7ec60351e11b
Driver info: org.openqa.selenium.chrome.ChromeDriver
Capabilities [{platform=XP, acceptSslCerts=true, javascriptEnabled=true, browserName=chrome, chrome={userDataDir=C:\Users\sjeyaram\AppData\Local\Temp\scoped_dir8644_13637}, rotatable=false, locationContextEnabled=true, mobileEmulationEnabled=false, version=43.0.2357.130, takesHeapSnapshot=true, cssSelectorsEnabled=true, databaseEnabled=false, handlesAlerts=true, browserConnectionEnabled=false, webStorageEnabled=true, nativeEvents=true, applicationCacheEnabled=false, takesScreenshot=true}]
	at org.openqa.selenium.remote.ErrorHandler.createThrowable(ErrorHandler.java:204)
	at org.openqa.selenium.remote.ErrorHandler.throwIfResponseFailed(ErrorHandler.java:156)
	at org.openqa.selenium.remote.RemoteWebDriver.execute(RemoteWebDriver.java:599)
	at org.openqa.selenium.remote.RemoteExecuteMethod.execute(RemoteExecuteMethod.java:34)
	at org.openqa.selenium.remote.RemoteMouse.mouseMove(RemoteMouse.java:88)
	at org.openqa.selenium.interactions.MoveMouseAction.perform(MoveMouseAction.java:35)
	at org.openqa.selenium.interactions.CompositeAction.perform(CompositeAction.java:31)
	at appmodule.ProjectManagement_Action.ProjectMgnt_ProgramWorks_Documents(ProjectManagement_Action.java:92)
	at Zoptusmodule.TC006_ProjectManagement_Page.ProjectManagement_Prgm_Documents_Page(TC006_ProjectManagement_Page.java:51)
... Removed 28 stack frames]]>
    </failure>
  </testcase> <!-- ProjectManagement_Prgm_Documents_Page -->
  <testcase name="ProjectManagement_Prgm_IssueRegister_Page" time="16.865" classname="Zoptusmodule.TC006_ProjectManagement_Page"/>
  <testcase name="ProjectManagement_Documents_Page" time="11.688" classname="Zoptusmodule.TC006_ProjectManagement_Page"/>
  <testcase name="ProjectManagement_IssueRegister_Page" time="11.939" classname="Zoptusmodule.TC006_ProjectManagement_Page"/>
  <testcase name="ProjectManagement_Tags_Page" time="13.525" classname="Zoptusmodule.TC006_ProjectManagement_Page"/>
  <testcase name="ProjectManagement_YearlyPrgmSummary_Page" time="12.493" classname="Zoptusmodule.TC006_ProjectManagement_Page"/>
</testsuite> <!-- TC006_ProjectManagement_Page -->
