<html>
<head>
<title>TestNG:  Test</title>
<link href="../testng.css" rel="stylesheet" type="text/css" />
<link href="../my-testng.css" rel="stylesheet" type="text/css" />

<style type="text/css">
.log { display: none;} 
.stack-trace { display: none;} 
</style>
<script type="text/javascript">
<!--
function flip(e) {
  current = e.style.display;
  if (current == 'block') {
    e.style.display = 'none';
    return 0;
  }
  else {
    e.style.display = 'block';
    return 1;
  }
}

function toggleBox(szDivId, elem, msg1, msg2)
{
  var res = -1;  if (document.getElementById) {
    res = flip(document.getElementById(szDivId));
  }
  else if (document.all) {
    // this is the way old msie versions work
    res = flip(document.all[szDivId]);
  }
  if(elem) {
    if(res == 0) elem.innerHTML = msg1; else elem.innerHTML = msg2;
  }

}

function toggleAllBoxes() {
  if (document.getElementsByTagName) {
    d = document.getElementsByTagName('div');
    for (i = 0; i < d.length; i++) {
      if (d[i].className == 'log') {
        flip(d[i]);
      }
    }
  }
}

// -->
</script>

</head>
<body>
<h2 align='center'>Test</h2><table border='1' align="center">
<tr>
<td>Tests passed/Failed/Skipped:</td><td>7/1/0</td>
</tr><tr>
<td>Started on:</td><td>Wed Jun 24 13:36:45 IST 2015</td>
</tr>
<tr><td>Total time:</td><td>482 seconds (482214 ms)</td>
</tr><tr>
<td>Included groups:</td><td></td>
</tr><tr>
<td>Excluded groups:</td><td></td>
</tr>
</table><p/>
<small><i>(Hover the method name to see the test class name)</i></small><p/>
<table width='100%' border='1' class='invocation-failed'>
<tr><td colspan='4' align='center'><b>FAILED TESTS</b></td></tr>
<tr><td><b>Test method</b></td>
<td width="30%"><b>Exception</b></td>
<td width="10%"><b>Time (seconds)</b></td>
<td><b>Instance</b></td>
</tr>
<tr>
<td title='Zoptusmodule.TC008_UserProfile_Page.MaintanencePage()'><b>MaintanencePage</b><br>Test class: Zoptusmodule.TC008_UserProfile_Page</td>
<td><div><pre>org.openqa.selenium.ElementNotVisibleException: element not visible
  (Session info: chrome=43.0.2357.130)
  (Driver info: chromedriver=2.9.248315,platform=Windows NT 6.1 SP1 x86_64) (WARNING: The server did not provide any stacktrace information)
Command duration or timeout: 38 milliseconds
Build info: version: &apos;2.44.0&apos;, revision: &apos;76d78cf&apos;, time: &apos;2014-10-23 20:03:00&apos;
System info: host: &apos;CIS3&apos;, ip: &apos;192.168.1.158&apos;, os.name: &apos;Windows 7&apos;, os.arch: &apos;x86&apos;, os.version: &apos;6.1&apos;, java.version: &apos;1.7.0_51&apos;
Session ID: 066b251e409b10a0f3796293f946538c
Driver info: org.openqa.selenium.chrome.ChromeDriver
Capabilities [{platform=XP, acceptSslCerts=true, javascriptEnabled=true, browserName=chrome, chrome={userDataDir=C:\Users\ksubrama\AppData\Local\Temp\scoped_dir7244_5587}, rotatable=false, locationContextEnabled=true, version=43.0.2357.130, takesHeapSnapshot=true, cssSelectorsEnabled=true, databaseEnabled=false, handlesAlerts=true, browserConnectionEnabled=false, webStorageEnabled=true, nativeEvents=true, applicationCacheEnabled=false, takesScreenshot=true}]
	at org.openqa.selenium.remote.ErrorHandler.createThrowable(ErrorHandler.java:204)
	at org.openqa.selenium.remote.ErrorHandler.throwIfResponseFailed(ErrorHandler.java:156)
	at org.openqa.selenium.remote.RemoteWebDriver.execute(RemoteWebDriver.java:599)
	at org.openqa.selenium.remote.RemoteWebElement.execute(RemoteWebElement.java:268)
	at org.openqa.selenium.remote.RemoteWebElement.click(RemoteWebElement.java:79)
	at appmodule.UserProfile_Action.Execute(UserProfile_Action.java:22)
	at Zoptusmodule.TC008_UserProfile_Page.MaintanencePage(TC008_UserProfile_Page.java:31)
... Removed 28 stack frames</pre></div><a href='#' onClick='toggleBox("stack-trace15059426", this, "Click to show all stack frames", "Click to hide stack frames")'>Click to show all stack frames</a>
<div class='stack-trace' id='stack-trace15059426'><pre>org.openqa.selenium.ElementNotVisibleException: element not visible
  (Session info: chrome=43.0.2357.130)
  (Driver info: chromedriver=2.9.248315,platform=Windows NT 6.1 SP1 x86_64) (WARNING: The server did not provide any stacktrace information)
Command duration or timeout: 38 milliseconds
Build info: version: &apos;2.44.0&apos;, revision: &apos;76d78cf&apos;, time: &apos;2014-10-23 20:03:00&apos;
System info: host: &apos;CIS3&apos;, ip: &apos;192.168.1.158&apos;, os.name: &apos;Windows 7&apos;, os.arch: &apos;x86&apos;, os.version: &apos;6.1&apos;, java.version: &apos;1.7.0_51&apos;
Session ID: 066b251e409b10a0f3796293f946538c
Driver info: org.openqa.selenium.chrome.ChromeDriver
Capabilities [{platform=XP, acceptSslCerts=true, javascriptEnabled=true, browserName=chrome, chrome={userDataDir=C:\Users\ksubrama\AppData\Local\Temp\scoped_dir7244_5587}, rotatable=false, locationContextEnabled=true, version=43.0.2357.130, takesHeapSnapshot=true, cssSelectorsEnabled=true, databaseEnabled=false, handlesAlerts=true, browserConnectionEnabled=false, webStorageEnabled=true, nativeEvents=true, applicationCacheEnabled=false, takesScreenshot=true}]
	at sun.reflect.NativeConstructorAccessorImpl.newInstance0(Native Method)
	at sun.reflect.NativeConstructorAccessorImpl.newInstance(Unknown Source)
	at sun.reflect.DelegatingConstructorAccessorImpl.newInstance(Unknown Source)
	at java.lang.reflect.Constructor.newInstance(Unknown Source)
	at org.openqa.selenium.remote.ErrorHandler.createThrowable(ErrorHandler.java:204)
	at org.openqa.selenium.remote.ErrorHandler.throwIfResponseFailed(ErrorHandler.java:156)
	at org.openqa.selenium.remote.RemoteWebDriver.execute(RemoteWebDriver.java:599)
	at org.openqa.selenium.remote.RemoteWebElement.execute(RemoteWebElement.java:268)
	at org.openqa.selenium.remote.RemoteWebElement.click(RemoteWebElement.java:79)
	at appmodule.UserProfile_Action.Execute(UserProfile_Action.java:22)
	at Zoptusmodule.TC008_UserProfile_Page.MaintanencePage(TC008_UserProfile_Page.java:31)
	at sun.reflect.NativeMethodAccessorImpl.invoke0(Native Method)
	at sun.reflect.NativeMethodAccessorImpl.invoke(Unknown Source)
	at sun.reflect.DelegatingMethodAccessorImpl.invoke(Unknown Source)
	at java.lang.reflect.Method.invoke(Unknown Source)
	at org.testng.internal.MethodInvocationHelper.invokeMethod(MethodInvocationHelper.java:85)
	at org.testng.internal.Invoker.invokeMethod(Invoker.java:648)
	at org.testng.internal.Invoker.invokeTestMethod(Invoker.java:834)
	at org.testng.internal.Invoker.invokeTestMethods(Invoker.java:1142)
	at org.testng.internal.TestMethodWorker.invokeTestMethods(TestMethodWorker.java:124)
	at org.testng.internal.TestMethodWorker.run(TestMethodWorker.java:108)
	at org.testng.TestRunner.privateRun(TestRunner.java:771)
	at org.testng.TestRunner.run(TestRunner.java:621)
	at org.testng.SuiteRunner.runTest(SuiteRunner.java:357)
	at org.testng.SuiteRunner.runSequentially(SuiteRunner.java:352)
	at org.testng.SuiteRunner.privateRun(SuiteRunner.java:310)
	at org.testng.SuiteRunner.run(SuiteRunner.java:259)
	at org.testng.SuiteRunnerWorker.runSuite(SuiteRunnerWorker.java:52)
	at org.testng.SuiteRunnerWorker.run(SuiteRunnerWorker.java:86)
	at org.testng.TestNG.runSuitesSequentially(TestNG.java:1176)
	at org.testng.TestNG.runSuitesLocally(TestNG.java:1101)
	at org.testng.TestNG.run(TestNG.java:1009)
	at org.testng.remote.RemoteTestNG.run(RemoteTestNG.java:111)
	at org.testng.remote.RemoteTestNG.initAndRun(RemoteTestNG.java:204)
	at org.testng.remote.RemoteTestNG.main(RemoteTestNG.java:175)
</pre></div></td>
<td>64</td>
<td>Zoptusmodule.TC008_UserProfile_Page@1d1a35e</td></tr>
</table><p>
<table width='100%' border='1' class='invocation-passed'>
<tr><td colspan='4' align='center'><b>PASSED TESTS</b></td></tr>
<tr><td><b>Test method</b></td>
<td width="30%"><b>Exception</b></td>
<td width="10%"><b>Time (seconds)</b></td>
<td><b>Instance</b></td>
</tr>
<tr>
<td title='Zoptusmodule.TC005_Commercial_Page.CommercialPage()'><b>CommercialPage</b><br>Test class: Zoptusmodule.TC005_Commercial_Page</td>
<td></td>
<td>41</td>
<td>Zoptusmodule.TC005_Commercial_Page@9d3f8b</td></tr>
<tr>
<td title='Zoptusmodule.TC002_Home_Page.HomePage()'><b>HomePage</b><br>Test class: Zoptusmodule.TC002_Home_Page</td>
<td></td>
<td>27</td>
<td>Zoptusmodule.TC002_Home_Page@595bcd</td></tr>
<tr>
<td title='Zoptusmodule.TC007_Maintanence_Page.MaintanencePage()'><b>MaintanencePage</b><br>Test class: Zoptusmodule.TC007_Maintanence_Page</td>
<td></td>
<td>94</td>
<td>Zoptusmodule.TC007_Maintanence_Page@99f610</td></tr>
<tr>
<td title='Zoptusmodule.TC006_ProjectManagement_Page.ProjectMangementPage()'><b>ProjectMangementPage</b><br>Test class: Zoptusmodule.TC006_ProjectManagement_Page</td>
<td></td>
<td>81</td>
<td>Zoptusmodule.TC006_ProjectManagement_Page@22fe09</td></tr>
<tr>
<td title='Zoptusmodule.TC001_SignIn_Page.SignInPage()'><b>SignInPage</b><br>Test class: Zoptusmodule.TC001_SignIn_Page</td>
<td></td>
<td>22</td>
<td>Zoptusmodule.TC001_SignIn_Page@3cb1e1</td></tr>
<tr>
<td title='Zoptusmodule.TC003_WorkOrder_Page.WorkOrderPage()'><b>WorkOrderPage</b><br>Test class: Zoptusmodule.TC003_WorkOrder_Page</td>
<td></td>
<td>122</td>
<td>Zoptusmodule.TC003_WorkOrder_Page@1166179</td></tr>
<tr>
<td title='Zoptusmodule.WorkOrder.workorder()'><b>workorder</b><br>Test class: Zoptusmodule.WorkOrder</td>
<td></td>
<td>27</td>
<td>Zoptusmodule.WorkOrder@150dcd3</td></tr>
</table><p>
</body>
</html>