<?xml version="1.0" encoding="UTF-8"?>
<!-- Generated by org.testng.reporters.JUnitXMLReporter -->
<testsuite hostname="CIS3" name="Test" tests="8" failures="1" timestamp="24 Jun 2015 08:14:47 GMT" time="482.214" errors="0">
  <testcase name="SignInPage" time="22.924" classname="Zoptusmodule.TC001_SignIn_Page"/>
  <testcase name="HomePage" time="27.464" classname="Zoptusmodule.TC002_Home_Page"/>
  <testcase name="WorkOrderPage" time="122.622" classname="Zoptusmodule.TC003_WorkOrder_Page"/>
  <testcase name="CommercialPage" time="41.49" classname="Zoptusmodule.TC005_Commercial_Page"/>
  <testcase name="ProjectMangementPage" time="81.032" classname="Zoptusmodule.TC006_ProjectManagement_Page"/>
  <testcase name="MaintanencePage" time="94.576" classname="Zoptusmodule.TC007_Maintanence_Page"/>
  <testcase name="MaintanencePage" time="64.832" classname="Zoptusmodule.TC008_UserProfile_Page">
    <failure type="org.openqa.selenium.ElementNotVisibleException" message="element not visible
  (Session info: chrome=43.0.2357.130)
  (Driver info: chromedriver=2.9.248315,platform=Windows NT 6.1 SP1 x86_64) (WARNING: The server did not provide any stacktrace information)
Command duration or timeout: 38 milliseconds
Build info: version: &amp;apos;2.44.0&amp;apos;, revision: &amp;apos;76d78cf&amp;apos;, time: &amp;apos;2014-10-23 20:03:00&amp;apos;
System info: host: &amp;apos;CIS3&amp;apos;, ip: &amp;apos;192.168.1.158&amp;apos;, os.name: &amp;apos;Windows 7&amp;apos;, os.arch: &amp;apos;x86&amp;apos;, os.version: &amp;apos;6.1&amp;apos;, java.version: &amp;apos;1.7.0_51&amp;apos;
Session ID: 066b251e409b10a0f3796293f946538c
Driver info: org.openqa.selenium.chrome.ChromeDriver
Capabilities [{platform=XP, acceptSslCerts=true, javascriptEnabled=true, browserName=chrome, chrome={userDataDir=C:\Users\ksubrama\AppData\Local\Temp\scoped_dir7244_5587}, rotatable=false, locationContextEnabled=true, version=43.0.2357.130, takesHeapSnapshot=true, cssSelectorsEnabled=true, databaseEnabled=false, handlesAlerts=true, browserConnectionEnabled=false, webStorageEnabled=true, nativeEvents=true, applicationCacheEnabled=false, takesScreenshot=true}]">
      <![CDATA[org.openqa.selenium.ElementNotVisibleException: element not visible
  (Session info: chrome=43.0.2357.130)
  (Driver info: chromedriver=2.9.248315,platform=Windows NT 6.1 SP1 x86_64) (WARNING: The server did not provide any stacktrace information)
Command duration or timeout: 38 milliseconds
Build info: version: '2.44.0', revision: '76d78cf', time: '2014-10-23 20:03:00'
System info: host: 'CIS3', ip: '192.168.1.158', os.name: 'Windows 7', os.arch: 'x86', os.version: '6.1', java.version: '1.7.0_51'
Session ID: 066b251e409b10a0f3796293f946538c
Driver info: org.openqa.selenium.chrome.ChromeDriver
Capabilities [{platform=XP, acceptSslCerts=true, javascriptEnabled=true, browserName=chrome, chrome={userDataDir=C:\Users\ksubrama\AppData\Local\Temp\scoped_dir7244_5587}, rotatable=false, locationContextEnabled=true, version=43.0.2357.130, takesHeapSnapshot=true, cssSelectorsEnabled=true, databaseEnabled=false, handlesAlerts=true, browserConnectionEnabled=false, webStorageEnabled=true, nativeEvents=true, applicationCacheEnabled=false, takesScreenshot=true}]
	at org.openqa.selenium.remote.ErrorHandler.createThrowable(ErrorHandler.java:204)
	at org.openqa.selenium.remote.ErrorHandler.throwIfResponseFailed(ErrorHandler.java:156)
	at org.openqa.selenium.remote.RemoteWebDriver.execute(RemoteWebDriver.java:599)
	at org.openqa.selenium.remote.RemoteWebElement.execute(RemoteWebElement.java:268)
	at org.openqa.selenium.remote.RemoteWebElement.click(RemoteWebElement.java:79)
	at appmodule.UserProfile_Action.Execute(UserProfile_Action.java:22)
	at Zoptusmodule.TC008_UserProfile_Page.MaintanencePage(TC008_UserProfile_Page.java:31)
... Removed 28 stack frames]]>
    </failure>
  </testcase> <!-- MaintanencePage -->
  <testcase name="workorder" time="27.209" classname="Zoptusmodule.WorkOrder"/>
</testsuite> <!-- Test -->
