<html>
<head>
<title>TestNG:  TC001_SignIn_Page</title>
<link href="../testng.css" rel="stylesheet" type="text/css" />
<link href="../my-testng.css" rel="stylesheet" type="text/css" />

<style type="text/css">
.log { display: none;} 
.stack-trace { display: none;} 
</style>
<script type="text/javascript">
<!--
function flip(e) {
  current = e.style.display;
  if (current == 'block') {
    e.style.display = 'none';
    return 0;
  }
  else {
    e.style.display = 'block';
    return 1;
  }
}

function toggleBox(szDivId, elem, msg1, msg2)
{
  var res = -1;  if (document.getElementById) {
    res = flip(document.getElementById(szDivId));
  }
  else if (document.all) {
    // this is the way old msie versions work
    res = flip(document.all[szDivId]);
  }
  if(elem) {
    if(res == 0) elem.innerHTML = msg1; else elem.innerHTML = msg2;
  }

}

function toggleAllBoxes() {
  if (document.getElementsByTagName) {
    d = document.getElementsByTagName('div');
    for (i = 0; i < d.length; i++) {
      if (d[i].className == 'log') {
        flip(d[i]);
      }
    }
  }
}

// -->
</script>

</head>
<body>
<h2 align='center'>TC001_SignIn_Page</h2><table border='1' align="center">
<tr>
<td>Tests passed/Failed/Skipped:</td><td>0/1/0</td>
</tr><tr>
<td>Started on:</td><td>Fri Jul 10 11:36:59 IST 2015</td>
</tr>
<tr><td>Total time:</td><td>10 seconds (10082 ms)</td>
</tr><tr>
<td>Included groups:</td><td></td>
</tr><tr>
<td>Excluded groups:</td><td></td>
</tr>
</table><p/>
<small><i>(Hover the method name to see the test class name)</i></small><p/>
<table width='100%' border='1' class='invocation-failed'>
<tr><td colspan='4' align='center'><b>FAILED TESTS</b></td></tr>
<tr><td><b>Test method</b></td>
<td width="30%"><b>Exception</b></td>
<td width="10%"><b>Time (seconds)</b></td>
<td><b>Instance</b></td>
</tr>
<tr>
<td title='Zoptusmodule.TC001_Desktop_SignIn_Page.SignInPage()'><b>SignInPage</b><br>Test class: Zoptusmodule.TC001_Desktop_SignIn_Page<br/>
<a href="#Output-889861692" onClick='toggleBox("Output-889861692", this, "Show output", "Hide output");'>Show output</a>

<a href="#Output-889861692" onClick="toggleAllBoxes();">Show all outputs</a>
<div class='log' id="Output-889861692">
Entered Username : Test<br/>
Entered Username : password<br/>
Click on Login button<br/>
</div>
</td>
<td><div><pre>java.lang.AssertionError: http://ibm-1/ZOptusQA/Login/ValidateLogin : Error Page Found,CurrentUrl : http://ibm-1/ZOptusQA/Login/ValidateLoginError_Image_Location : &lt;a href=&apos;\\CIS20\XSLT_Reports\XSLT\Error_Screenshots\&lt;/a&gt;
	at appmodule.Verification_Action.Execute(Verification_Action.java:28)
	at appmodule.Desktop_SignIn_Action.Execute(Desktop_SignIn_Action.java:24)
	at Zoptusmodule.TC001_Desktop_SignIn_Page.SignInPage(TC001_Desktop_SignIn_Page.java:41)
... Removed 25 stack frames</pre></div><a href='#' onClick='toggleBox("stack-trace889861692", this, "Click to show all stack frames", "Click to hide stack frames")'>Click to show all stack frames</a>
<div class='stack-trace' id='stack-trace889861692'><pre>java.lang.AssertionError: http://ibm-1/ZOptusQA/Login/ValidateLogin : Error Page Found,CurrentUrl : http://ibm-1/ZOptusQA/Login/ValidateLoginError_Image_Location : &lt;a href=&apos;\\CIS20\XSLT_Reports\XSLT\Error_Screenshots\&lt;/a&gt;
	at org.testng.Assert.fail(Assert.java:94)
	at appmodule.Verification_Action.Execute(Verification_Action.java:28)
	at appmodule.Desktop_SignIn_Action.Execute(Desktop_SignIn_Action.java:24)
	at Zoptusmodule.TC001_Desktop_SignIn_Page.SignInPage(TC001_Desktop_SignIn_Page.java:41)
	at sun.reflect.NativeMethodAccessorImpl.invoke0(Native Method)
	at sun.reflect.NativeMethodAccessorImpl.invoke(Unknown Source)
	at sun.reflect.DelegatingMethodAccessorImpl.invoke(Unknown Source)
	at java.lang.reflect.Method.invoke(Unknown Source)
	at org.testng.internal.MethodInvocationHelper.invokeMethod(MethodInvocationHelper.java:84)
	at org.testng.internal.Invoker.invokeMethod(Invoker.java:714)
	at org.testng.internal.Invoker.invokeTestMethod(Invoker.java:901)
	at org.testng.internal.Invoker.invokeTestMethods(Invoker.java:1231)
	at org.testng.internal.TestMethodWorker.invokeTestMethods(TestMethodWorker.java:127)
	at org.testng.internal.TestMethodWorker.run(TestMethodWorker.java:111)
	at org.testng.TestRunner.privateRun(TestRunner.java:767)
	at org.testng.TestRunner.run(TestRunner.java:617)
	at org.testng.SuiteRunner.runTest(SuiteRunner.java:334)
	at org.testng.SuiteRunner.runSequentially(SuiteRunner.java:329)
	at org.testng.SuiteRunner.privateRun(SuiteRunner.java:291)
	at org.testng.SuiteRunner.run(SuiteRunner.java:240)
	at org.testng.SuiteRunnerWorker.runSuite(SuiteRunnerWorker.java:52)
	at org.testng.SuiteRunnerWorker.run(SuiteRunnerWorker.java:86)
	at org.testng.TestNG.runSuitesSequentially(TestNG.java:1224)
	at org.testng.TestNG.runSuitesLocally(TestNG.java:1149)
	at org.testng.TestNG.run(TestNG.java:1057)
	at org.testng.remote.RemoteTestNG.run(RemoteTestNG.java:111)
	at org.testng.remote.RemoteTestNG.initAndRun(RemoteTestNG.java:204)
	at org.testng.remote.RemoteTestNG.main(RemoteTestNG.java:175)
</pre></div></td>
<td>4</td>
<td>Zoptusmodule.TC001_Desktop_SignIn_Page@70edf123</td></tr>
</table><p>
</body>
</html>