<?xml version="1.0" encoding="UTF-8"?>
<!-- Generated by org.testng.reporters.JUnitXMLReporter -->
<testsuite hostname="CIS20" name="TC001_SignIn_Page" tests="1" failures="1" timestamp="10 Jul 2015 06:07:09 GMT" time="10.082" errors="0">
  <testcase name="SignInPage" time="4.983" classname="Zoptusmodule.TC001_Desktop_SignIn_Page">
    <failure type="java.lang.AssertionError" message="http://ibm-1/ZOptusQA/Login/ValidateLogin : Error Page Found,CurrentUrl : http://ibm-1/ZOptusQA/Login/ValidateLoginError_Image_Location : &amp;lt;a href=&amp;apos;\\CIS20\XSLT_Reports\XSLT\Error_Screenshots\&amp;lt;/a&amp;gt;">
      <![CDATA[java.lang.AssertionError: http://ibm-1/ZOptusQA/Login/ValidateLogin : Error Page Found,CurrentUrl : http://ibm-1/ZOptusQA/Login/ValidateLoginError_Image_Location : <a href='\\CIS20\XSLT_Reports\XSLT\Error_Screenshots\</a>
	at appmodule.Verification_Action.Execute(Verification_Action.java:28)
	at appmodule.Desktop_SignIn_Action.Execute(Desktop_SignIn_Action.java:24)
	at Zoptusmodule.TC001_Desktop_SignIn_Page.SignInPage(TC001_Desktop_SignIn_Page.java:41)
... Removed 25 stack frames]]>
    </failure>
  </testcase> <!-- SignInPage -->
</testsuite> <!-- TC001_SignIn_Page -->
