<?xml version="1.0" encoding="UTF-8"?>
<!-- Generated by org.testng.reporters.JUnitXMLReporter -->
<testsuite hostname="CIS20" name="TC002_Home_Page" tests="2" failures="2" timestamp="10 Jul 2015 06:07:32 GMT" time="23.253" errors="0">
  <testcase name="Home_SignIn" time="4.227" classname="Zoptusmodule.TC002_Desktop_Home_Page">
    <failure type="java.lang.AssertionError" message="http://ibm-1/ZOptusQA/Login/ValidateLogin : Error Page Found,CurrentUrl : http://ibm-1/ZOptusQA/Login/ValidateLoginError_Image_Location : &amp;lt;a href=&amp;apos;\\CIS20\XSLT_Reports\XSLT\Error_Screenshots\&amp;lt;/a&amp;gt;">
      <![CDATA[java.lang.AssertionError: http://ibm-1/ZOptusQA/Login/ValidateLogin : Error Page Found,CurrentUrl : http://ibm-1/ZOptusQA/Login/ValidateLoginError_Image_Location : <a href='\\CIS20\XSLT_Reports\XSLT\Error_Screenshots\</a>
	at appmodule.Verification_Action.Execute(Verification_Action.java:28)
	at appmodule.Desktop_SignIn_Action.Execute(Desktop_SignIn_Action.java:24)
	at Zoptusmodule.TC002_Desktop_Home_Page.Home_SignIn(TC002_Desktop_Home_Page.java:41)
... Removed 25 stack frames]]>
    </failure>
  </testcase> <!-- Home_SignIn -->
  <testcase name="HOME_Page" time="15.012" classname="Zoptusmodule.TC002_Desktop_Home_Page">
    <failure type="org.openqa.selenium.NoSuchElementException" message="no such element
  (Session info: chrome=43.0.2357.132)
  (Driver info: chromedriver=2.13.307647 (5a7d0541ebc58e69994a6fb2ed930f45261f3c29),platform=Windows NT 6.1 SP1 x86_64) (WARNING: The server did not provide any stacktrace information)
Command duration or timeout: 10.01 seconds
For documentation on this error, please visit: http://seleniumhq.org/exceptions/no_such_element.html
Build info: version: &amp;apos;2.44.0&amp;apos;, revision: &amp;apos;76d78cf&amp;apos;, time: &amp;apos;2014-10-23 20:03:00&amp;apos;
System info: host: &amp;apos;CIS20&amp;apos;, ip: &amp;apos;192.168.1.177&amp;apos;, os.name: &amp;apos;Windows 7&amp;apos;, os.arch: &amp;apos;amd64&amp;apos;, os.version: &amp;apos;6.1&amp;apos;, java.version: &amp;apos;1.7.0_79&amp;apos;
Session ID: 48b305fb95e6b769402d902bdeedb82f
Driver info: org.openqa.selenium.chrome.ChromeDriver
Capabilities [{platform=XP, acceptSslCerts=true, javascriptEnabled=true, browserName=chrome, chrome={userDataDir=C:\Users\sjeyaram\AppData\Local\Temp\scoped_dir5472_2004}, rotatable=false, locationContextEnabled=true, mobileEmulationEnabled=false, version=43.0.2357.132, takesHeapSnapshot=true, cssSelectorsEnabled=true, databaseEnabled=false, handlesAlerts=true, browserConnectionEnabled=false, webStorageEnabled=true, nativeEvents=true, applicationCacheEnabled=false, takesScreenshot=true}]">
      <![CDATA[org.openqa.selenium.NoSuchElementException: no such element
  (Session info: chrome=43.0.2357.132)
  (Driver info: chromedriver=2.13.307647 (5a7d0541ebc58e69994a6fb2ed930f45261f3c29),platform=Windows NT 6.1 SP1 x86_64) (WARNING: The server did not provide any stacktrace information)
Command duration or timeout: 10.01 seconds
For documentation on this error, please visit: http://seleniumhq.org/exceptions/no_such_element.html
Build info: version: '2.44.0', revision: '76d78cf', time: '2014-10-23 20:03:00'
System info: host: 'CIS20', ip: '192.168.1.177', os.name: 'Windows 7', os.arch: 'amd64', os.version: '6.1', java.version: '1.7.0_79'
Session ID: 48b305fb95e6b769402d902bdeedb82f
Driver info: org.openqa.selenium.chrome.ChromeDriver
Capabilities [{platform=XP, acceptSslCerts=true, javascriptEnabled=true, browserName=chrome, chrome={userDataDir=C:\Users\sjeyaram\AppData\Local\Temp\scoped_dir5472_2004}, rotatable=false, locationContextEnabled=true, mobileEmulationEnabled=false, version=43.0.2357.132, takesHeapSnapshot=true, cssSelectorsEnabled=true, databaseEnabled=false, handlesAlerts=true, browserConnectionEnabled=false, webStorageEnabled=true, nativeEvents=true, applicationCacheEnabled=false, takesScreenshot=true}]
	at org.openqa.selenium.remote.ErrorHandler.createThrowable(ErrorHandler.java:204)
	at org.openqa.selenium.remote.ErrorHandler.throwIfResponseFailed(ErrorHandler.java:156)
	at org.openqa.selenium.remote.RemoteWebDriver.execute(RemoteWebDriver.java:599)
	at org.openqa.selenium.remote.RemoteWebDriver.findElement(RemoteWebDriver.java:352)
	at org.openqa.selenium.remote.RemoteWebDriver.findElementByXPath(RemoteWebDriver.java:449)
	at org.openqa.selenium.By$ByXPath.findElement(By.java:357)
	at org.openqa.selenium.remote.RemoteWebDriver.findElement(RemoteWebDriver.java:344)
	at appmodule.Desktop_Home_Action.Home_click(Desktop_Home_Action.java:19)
	at Zoptusmodule.TC002_Desktop_Home_Page.HOME_Page(TC002_Desktop_Home_Page.java:48)
... Removed 28 stack frames]]>
    </failure>
  </testcase> <!-- HOME_Page -->
</testsuite> <!-- TC002_Home_Page -->
